[    0.000000] Linux version 4.15.0-64-generic (buildd@lgw01-amd64-038) (gcc version 7.4.0 (Ubuntu 7.4.0-1ubuntu1~18.04.1)) #73-Ubuntu SMP Thu Sep 12 13:16:13 UTC 2019 (Ubuntu 4.15.0-64.73-generic 4.15.18)
[    0.000000] Command line: BOOT_IMAGE=/boot/vmlinuz-4.15.0-64-generic root=LABEL=cloudimg-rootfs ro console=tty1 console=ttyS0
[    0.000000] KERNEL supported cpus:
[    0.000000]   Intel GenuineIntel
[    0.000000]   AMD AuthenticAMD
[    0.000000]   Centaur CentaurHauls
[    0.000000] x86/fpu: Supporting XSAVE feature 0x001: 'x87 floating point registers'
[    0.000000] x86/fpu: Supporting XSAVE feature 0x002: 'SSE registers'
[    0.000000] x86/fpu: Supporting XSAVE feature 0x004: 'AVX registers'
[    0.000000] x86/fpu: xstate_offset[2]:  576, xstate_sizes[2]:  256
[    0.000000] x86/fpu: Enabled xstate features 0x7, context size is 832 bytes, using 'standard' format.
[    0.000000] e820: BIOS-provided physical RAM map:
[    0.000000] BIOS-e820: [mem 0x0000000000000000-0x000000000009fbff] usable
[    0.000000] BIOS-e820: [mem 0x000000000009fc00-0x000000000009ffff] reserved
[    0.000000] BIOS-e820: [mem 0x00000000000f0000-0x00000000000fffff] reserved
[    0.000000] BIOS-e820: [mem 0x0000000000100000-0x000000003ffeffff] usable
[    0.000000] BIOS-e820: [mem 0x000000003fff0000-0x000000003fffffff] ACPI data
[    0.000000] BIOS-e820: [mem 0x00000000fec00000-0x00000000fec00fff] reserved
[    0.000000] BIOS-e820: [mem 0x00000000fee00000-0x00000000fee00fff] reserved
[    0.000000] BIOS-e820: [mem 0x00000000fffc0000-0x00000000ffffffff] reserved
[    0.000000] NX (Execute Disable) protection: active
[    0.000000] SMBIOS 2.5 present.
[    0.000000] DMI: innotek GmbH VirtualBox/VirtualBox, BIOS VirtualBox 12/01/2006
[    0.000000] Hypervisor detected: KVM
[    0.000000] e820: last_pfn = 0x3fff0 max_arch_pfn = 0x400000000
[    0.000000] MTRR: Disabled
[    0.000000] x86/PAT: MTRRs disabled, skipping PAT initialization too.
[    0.000000] CPU MTRRs all blank - virtualized system.
[    0.000000] x86/PAT: Configuration [0-7]: WB  WT  UC- UC  WB  WT  UC- UC  
[    0.000000] found SMP MP-table at [mem 0x0009fff0-0x0009ffff]
[    0.000000] Scanning 1 areas for low memory corruption
[    0.000000] RAMDISK: [mem 0x35a89000-0x36d3bfff]
[    0.000000] ACPI: Early table checksum verification disabled
[    0.000000] ACPI: RSDP 0x00000000000E0000 000024 (v02 VBOX  )
[    0.000000] ACPI: XSDT 0x000000003FFF0030 00003C (v01 VBOX   VBOXXSDT 00000001 ASL  00000061)
[    0.000000] ACPI: FACP 0x000000003FFF00F0 0000F4 (v04 VBOX   VBOXFACP 00000001 ASL  00000061)
[    0.000000] ACPI: DSDT 0x000000003FFF0470 0022EA (v02 VBOX   VBOXBIOS 00000002 INTL 20100528)
[    0.000000] ACPI: FACS 0x000000003FFF0200 000040
[    0.000000] ACPI: FACS 0x000000003FFF0200 000040
[    0.000000] ACPI: APIC 0x000000003FFF0240 00005C (v02 VBOX   VBOXAPIC 00000001 ASL  00000061)
[    0.000000] ACPI: SSDT 0x000000003FFF02A0 0001CC (v01 VBOX   VBOXCPUT 00000002 INTL 20100528)
[    0.000000] No NUMA configuration found
[    0.000000] Faking a node at [mem 0x0000000000000000-0x000000003ffeffff]
[    0.000000] NODE_DATA(0) allocated [mem 0x3ffc5000-0x3ffeffff]
[    0.000000] kvm-clock: cpu 0, msr 0:3ff44001, primary cpu clock
[    0.000000] kvm-clock: Using msrs 4b564d01 and 4b564d00
[    0.000000] kvm-clock: using sched offset of 4821569839 cycles
[    0.000000] clocksource: kvm-clock: mask: 0xffffffffffffffff max_cycles: 0x1cd42e4dffb, max_idle_ns: 881590591483 ns
[    0.000000] Zone ranges:
[    0.000000]   DMA      [mem 0x0000000000001000-0x0000000000ffffff]
[    0.000000]   DMA32    [mem 0x0000000001000000-0x000000003ffeffff]
[    0.000000]   Normal   empty
[    0.000000]   Device   empty
[    0.000000] Movable zone start for each node
[    0.000000] Early memory node ranges
[    0.000000]   node   0: [mem 0x0000000000001000-0x000000000009efff]
[    0.000000]   node   0: [mem 0x0000000000100000-0x000000003ffeffff]
[    0.000000] Reserved but unavailable: 98 pages
[    0.000000] Initmem setup node 0 [mem 0x0000000000001000-0x000000003ffeffff]
[    0.000000] ACPI: PM-Timer IO Port: 0x4008
[    0.000000] IOAPIC[0]: apic_id 2, version 32, address 0xfec00000, GSI 0-23
[    0.000000] ACPI: INT_SRC_OVR (bus 0 bus_irq 0 global_irq 2 dfl dfl)
[    0.000000] ACPI: INT_SRC_OVR (bus 0 bus_irq 9 global_irq 9 low level)
[    0.000000] Using ACPI (MADT) for SMP configuration information
[    0.000000] smpboot: Allowing 2 CPUs, 0 hotplug CPUs
[    0.000000] PM: Registered nosave memory: [mem 0x00000000-0x00000fff]
[    0.000000] PM: Registered nosave memory: [mem 0x0009f000-0x0009ffff]
[    0.000000] PM: Registered nosave memory: [mem 0x000a0000-0x000effff]
[    0.000000] PM: Registered nosave memory: [mem 0x000f0000-0x000fffff]
[    0.000000] e820: [mem 0x40000000-0xfebfffff] available for PCI devices
[    0.000000] Booting paravirtualized kernel on KVM
[    0.000000] clocksource: refined-jiffies: mask: 0xffffffff max_cycles: 0xffffffff, max_idle_ns: 7645519600211568 ns
[    0.000000] random: get_random_bytes called from start_kernel+0x99/0x4fd with crng_init=0
[    0.000000] setup_percpu: NR_CPUS:8192 nr_cpumask_bits:2 nr_cpu_ids:2 nr_node_ids:1
[    0.000000] percpu: Embedded 46 pages/cpu s151552 r8192 d28672 u1048576
[    0.000000] PV qspinlock hash table entries: 256 (order: 0, 4096 bytes)
[    0.000000] Built 1 zonelists, mobility grouping on.  Total pages: 257913
[    0.000000] Policy zone: DMA32
[    0.000000] Kernel command line: BOOT_IMAGE=/boot/vmlinuz-4.15.0-64-generic root=LABEL=cloudimg-rootfs ro console=tty1 console=ttyS0
[    0.000000] Memory: 983436K/1048120K available (12300K kernel code, 2481K rwdata, 4172K rodata, 2436K init, 2384K bss, 64684K reserved, 0K cma-reserved)
[    0.000000] SLUB: HWalign=64, Order=0-3, MinObjects=0, CPUs=2, Nodes=1
[    0.000000] Kernel/User page tables isolation: enabled
[    0.000000] ftrace: allocating 39306 entries in 154 pages
[    0.004000] Hierarchical RCU implementation.
[    0.004000] 	RCU restricting CPUs from NR_CPUS=8192 to nr_cpu_ids=2.
[    0.004000] 	Tasks RCU enabled.
[    0.004000] RCU: Adjusting geometry for rcu_fanout_leaf=16, nr_cpu_ids=2
[    0.004000] NR_IRQS: 524544, nr_irqs: 440, preallocated irqs: 16
[    0.004000] Console: colour VGA+ 80x25
[    0.004000] console [tty1] enabled
[    0.004000] console [ttyS0] enabled
[    0.004000] ACPI: Core revision 20170831
[    0.004000] ACPI: 2 ACPI AML tables successfully acquired and loaded
[    0.004000] APIC: Switch to symmetric I/O mode setup
[    0.004000] x2apic enabled
[    0.004000] Switched APIC routing to physical x2apic.
[    0.009931] ..TIMER: vector=0x30 apic1=0 pin1=2 apic2=-1 pin2=-1
[    0.012004] tsc: Detected 2394.462 MHz processor
[    0.013654] Calibrating delay loop (skipped) preset value.. 4788.92 BogoMIPS (lpj=9577848)
[    0.016010] pid_max: default: 32768 minimum: 301
[    0.017963] Security Framework initialized
[    0.020007] Yama: becoming mindful.
[    0.021283] AppArmor: AppArmor initialized
[    0.028090] Dentry cache hash table entries: 131072 (order: 8, 1048576 bytes)
[    0.030538] Inode-cache hash table entries: 65536 (order: 7, 524288 bytes)
[    0.032037] Mount-cache hash table entries: 2048 (order: 2, 16384 bytes)
[    0.036027] Mountpoint-cache hash table entries: 2048 (order: 2, 16384 bytes)
[    0.038851] Last level iTLB entries: 4KB 64, 2MB 8, 4MB 8
[    0.040005] Last level dTLB entries: 4KB 64, 2MB 0, 4MB 0, 1GB 4
[    0.042009] Spectre V1 : Mitigation: usercopy/swapgs barriers and __user pointer sanitization
[    0.044006] Spectre V2 : Mitigation: Full generic retpoline
[    0.046147] Spectre V2 : Spectre v2 / SpectreRSB mitigation: Filling RSB on context switch
[    0.048006] Speculative Store Bypass: Vulnerable
[    0.049639] MDS: Vulnerable: Clear CPU buffers attempted, no microcode
[    0.052446] Freeing SMP alternatives memory: 36K
[    0.060000] smpboot: CPU0: Intel(R) Core(TM) i7-5500U CPU @ 2.40GHz (family: 0x6, model: 0x3d, stepping: 0x4)
[    0.060000] Performance Events: unsupported p6 CPU model 61 no PMU driver, software events only.
[    0.060055] Hierarchical SRCU implementation.
[    0.064700] NMI watchdog: Perf event create on CPU 0 failed with -2
[    0.066767] NMI watchdog: Perf NMI watchdog permanently disabled
[    0.068081] smp: Bringing up secondary CPUs ...
[    0.072040] x86: Booting SMP configuration:
[    0.073552] .... node  #0, CPUs:      #1
[    0.004000] kvm-clock: cpu 1, msr 0:3ff44041, secondary cpu clock
[    0.078900] smp: Brought up 1 node, 2 CPUs
[    0.080006] smpboot: Max logical packages: 1
[    0.081487] smpboot: Total of 2 processors activated (9577.84 BogoMIPS)
[    0.084213] devtmpfs: initialized
[    0.085336] x86/mm: Memory block size: 128MB
[    0.088337] evm: security.selinux
[    0.089562] evm: security.SMACK64
[    0.090773] evm: security.SMACK64EXEC
[    0.092005] evm: security.SMACK64TRANSMUTE
[    0.093457] evm: security.SMACK64MMAP
[    0.094735] evm: security.apparmor
[    0.096003] evm: security.ima
[    0.097201] evm: security.capability
[    0.098593] clocksource: jiffies: mask: 0xffffffff max_cycles: 0xffffffff, max_idle_ns: 7645041785100000 ns
[    0.100028] futex hash table entries: 512 (order: 3, 32768 bytes)
[    0.108000] pinctrl core: initialized pinctrl subsystem
[    0.108257] RTC time:  1:34:39, date: 10/29/19
[    0.112309] NET: Registered protocol family 16
[    0.114149] audit: initializing netlink subsys (disabled)
[    0.116072] audit: type=2000 audit(1572312885.286:1): state=initialized audit_enabled=0 res=1
[    0.120022] cpuidle: using governor ladder
[    0.121682] cpuidle: using governor menu
[    0.123375] ACPI: bus type PCI registered
[    0.124005] acpiphp: ACPI Hot Plug PCI Controller Driver version: 0.5
[    0.126396] PCI: Using configuration type 1 for base access
[    0.133186] HugeTLB registered 2.00 MiB page size, pre-allocated 0 pages
[    0.136203] ACPI: Added _OSI(Module Device)
[    0.138007] ACPI: Added _OSI(Processor Device)
[    0.140025] ACPI: Added _OSI(3.0 _SCP Extensions)
[    0.141741] ACPI: Added _OSI(Processor Aggregator Device)
[    0.144013] ACPI: Added _OSI(Linux-Dell-Video)
[    0.145518] ACPI: Added _OSI(Linux-Lenovo-NV-HDMI-Audio)
[    0.147361] ACPI: Added _OSI(Linux-HPI-Hybrid-Graphics)
[    0.148531] ACPI: Executed 1 blocks of module-level executable AML code
[    0.166580] ACPI: Interpreter enabled
[    0.168032] ACPI: (supports S0 S5)
[    0.169307] ACPI: Using IOAPIC for interrupt routing
[    0.172301] PCI: Using host bridge windows from ACPI; if necessary, use "pci=nocrs" and report a bug
[    0.175812] ACPI: Enabled 2 GPEs in block 00 to 07
[    0.198421] ACPI: PCI Root Bridge [PCI0] (domain 0000 [bus 00-ff])
[    0.200013] acpi PNP0A03:00: _OSC: OS supports [ASPM ClockPM Segments MSI]
[    0.205083] acpi PNP0A03:00: _OSC: not requesting OS control; OS requires [ExtendedConfig ASPM ClockPM MSI]
[    0.208030] acpi PNP0A03:00: fail to add MMCONFIG information, can't access extended PCI configuration space under this bridge.
[    0.212914] PCI host bridge to bus 0000:00
[    0.214378] pci_bus 0000:00: root bus resource [io  0x0000-0x0cf7 window]
[    0.216006] pci_bus 0000:00: root bus resource [io  0x0d00-0xffff window]
[    0.218196] pci_bus 0000:00: root bus resource [mem 0x000a0000-0x000bffff window]
[    0.220010] pci_bus 0000:00: root bus resource [mem 0x40000000-0xfdffffff window]
[    0.224007] pci_bus 0000:00: root bus resource [bus 00-ff]
[    0.230182] pci 0000:00:01.1: legacy IDE quirk: reg 0x10: [io  0x01f0-0x01f7]
[    0.232005] pci 0000:00:01.1: legacy IDE quirk: reg 0x14: [io  0x03f6]
[    0.234254] pci 0000:00:01.1: legacy IDE quirk: reg 0x18: [io  0x0170-0x0177]
[    0.236008] pci 0000:00:01.1: legacy IDE quirk: reg 0x1c: [io  0x0376]
[    0.272838] pci 0000:00:07.0: quirk: [io  0x4000-0x403f] claimed by PIIX4 ACPI
[    0.275558] pci 0000:00:07.0: quirk: [io  0x4100-0x410f] claimed by PIIX4 SMB
[    0.300600] ACPI: PCI Interrupt Link [LNKA] (IRQs 5 9 10 *11)
[    0.303829] ACPI: PCI Interrupt Link [LNKB] (IRQs 5 9 *10 11)
[    0.304324] ACPI: PCI Interrupt Link [LNKC] (IRQs 5 *9 10 11)
[    0.308322] ACPI: PCI Interrupt Link [LNKD] (IRQs 5 9 10 *11)
[    0.311183] SCSI subsystem initialized
[    0.312118] pci 0000:00:02.0: vgaarb: setting as boot VGA device
[    0.314026] pci 0000:00:02.0: vgaarb: VGA device added: decodes=io+mem,owns=io+mem,locks=none
[    0.316007] pci 0000:00:02.0: vgaarb: bridge control possible
[    0.320009] vgaarb: loaded
[    0.321284] ACPI: bus type USB registered
[    0.322832] usbcore: registered new interface driver usbfs
[    0.324053] usbcore: registered new interface driver hub
[    0.325901] usbcore: registered new device driver usb
[    0.328111] EDAC MC: Ver: 3.0.0
[    0.329648] PCI: Using ACPI for IRQ routing
[    0.332514] NetLabel: Initializing
[    0.333789] NetLabel:  domain hash size = 128
[    0.336003] NetLabel:  protocols = UNLABELED CIPSOv4 CALIPSO
[    0.338237] NetLabel:  unlabeled traffic allowed by default
[    0.340294] clocksource: Switched to clocksource kvm-clock
[    0.390422] VFS: Disk quotas dquot_6.6.0
[    0.391932] VFS: Dquot-cache hash table entries: 512 (order 0, 4096 bytes)
[    0.394320] AppArmor: AppArmor Filesystem Enabled
[    0.396110] pnp: PnP ACPI init
[    0.400292] pnp: PnP ACPI: found 3 devices
[    0.414335] clocksource: acpi_pm: mask: 0xffffff max_cycles: 0xffffff, max_idle_ns: 2085701024 ns
[    0.417645] NET: Registered protocol family 2
[    0.424185] TCP established hash table entries: 8192 (order: 4, 65536 bytes)
[    0.427131] TCP bind hash table entries: 8192 (order: 5, 131072 bytes)
[    0.429504] TCP: Hash tables configured (established 8192 bind 8192)
[    0.431883] UDP hash table entries: 512 (order: 2, 16384 bytes)
[    0.433838] UDP-Lite hash table entries: 512 (order: 2, 16384 bytes)
[    0.436167] NET: Registered protocol family 1
[    0.438377] pci 0000:00:00.0: Limiting direct PCI/PCI transfers
[    0.440383] pci 0000:00:01.0: Activating ISA DMA hang workarounds
[    0.442425] pci 0000:00:02.0: Video device with shadowed ROM at [mem 0x000c0000-0x000dffff]
[    0.445550] Unpacking initramfs...
[    1.237185] Freeing initrd memory: 19148K
[    1.238823] clocksource: tsc: mask: 0xffffffffffffffff max_cycles: 0x2283c7bd99f, max_idle_ns: 440795233967 ns
[    1.242374] platform rtc_cmos: registered platform RTC device (no PNP device found)
[    1.245114] Scanning for low memory corruption every 60 seconds
[    1.248444] Initialise system trusted keyrings
[    1.249974] Key type blacklist registered
[    1.251564] workingset: timestamp_bits=36 max_order=18 bucket_order=0
[    1.257148] zbud: loaded
[    1.259424] squashfs: version 4.0 (2009/01/31) Phillip Lougher
[    1.261965] fuse init (API version 7.26)
[    1.267786] Key type asymmetric registered
[    1.269628] Asymmetric key parser 'x509' registered
[    1.271417] Block layer SCSI generic (bsg) driver version 0.4 loaded (major 246)
[    1.274288] io scheduler noop registered
[    1.275663] io scheduler deadline registered
[    1.277343] io scheduler cfq registered (default)
[    1.279524] ACPI: AC Adapter [AC] (on-line)
[    1.281298] input: Power Button as /devices/LNXSYSTM:00/LNXPWRBN:00/input/input0
[    1.283995] ACPI: Power Button [PWRF]
[    1.285768] input: Sleep Button as /devices/LNXSYSTM:00/LNXSLPBN:00/input/input1
[    1.288347] ACPI: Sleep Button [SLPF]
[    1.292352] Serial: 8250/16550 driver, 32 ports, IRQ sharing enabled
[    1.292692] ACPI: Battery Slot [BAT0] (battery present)
[    1.317833] 00:02: ttyS0 at I/O 0x3f8 (irq = 4, base_baud = 115200) is a 16550A
[    1.326307] Linux agpgart interface v0.103
[    1.330425] loop: module loaded
[    1.332896] scsi host0: ata_piix
[    1.334486] scsi host1: ata_piix
[    1.336334] ata1: PATA max UDMA/33 cmd 0x1f0 ctl 0x3f6 bmdma 0xd000 irq 14
[    1.339172] ata2: PATA max UDMA/33 cmd 0x170 ctl 0x376 bmdma 0xd008 irq 15
[    1.342288] libphy: Fixed MDIO Bus: probed
[    1.343960] tun: Universal TUN/TAP device driver, 1.6
[    1.346544] PPP generic driver version 2.4.2
[    1.348376] ehci_hcd: USB 2.0 'Enhanced' Host Controller (EHCI) Driver
[    1.350914] ehci-pci: EHCI PCI platform driver
[    1.353348] ehci-platform: EHCI generic platform driver
[    1.355591] ohci_hcd: USB 1.1 'Open' Host Controller (OHCI) Driver
[    1.358271] ohci-pci: OHCI PCI platform driver
[    1.360318] ohci-platform: OHCI generic platform driver
[    1.362804] uhci_hcd: USB Universal Host Controller Interface driver
[    1.365763] i8042: PNP: PS/2 Controller [PNP0303:PS2K,PNP0f03:PS2M] at 0x60,0x64 irq 1,12
[    1.370667] serio: i8042 KBD port at 0x60,0x64 irq 1
[    1.372763] serio: i8042 AUX port at 0x60,0x64 irq 12
[    1.374739] mousedev: PS/2 mouse device common for all mice
[    1.377046] input: AT Translated Set 2 keyboard as /devices/platform/i8042/serio0/input/input2
[    1.380733] rtc_cmos rtc_cmos: rtc core: registered rtc_cmos as rtc0
[    1.382883] rtc_cmos rtc_cmos: alarms up to one day, 114 bytes nvram
[    1.385486] i2c /dev entries driver
[    1.387113] device-mapper: uevent: version 1.0.3
[    1.388895] device-mapper: ioctl: 4.37.0-ioctl (2017-09-20) initialised: dm-devel@redhat.com
[    1.391815] ledtrig-cpu: registered to indicate activity on CPUs
[    1.394292] NET: Registered protocol family 10
[    1.402384] Segment Routing with IPv6
[    1.403770] NET: Registered protocol family 17
[    1.405546] Key type dns_resolver registered
[    1.407245] mce: Using 0 MCE banks
[    1.408569] RAS: Correctable Errors collector initialized.
[    1.410487] sched_clock: Marking stable (1408540309, 0)->(1877185311, -468645002)
[    1.413645] registered taskstats version 1
[    1.415085] Loading compiled-in X.509 certificates
[    1.422487] Loaded X.509 cert 'Build time autogenerated kernel key: 9ff85db0b1f72c0c954e4d2eaca5a9366845820b'
[    1.425885] zswap: loaded using pool lzo/zbud
[    1.433679] Key type big_key registered
[    1.435794] Key type trusted registered
[    1.440613] Key type encrypted registered
[    1.442122] AppArmor: AppArmor sha1 policy hashing enabled
[    1.444021] ima: No TPM chip found, activating TPM-bypass! (rc=-19)
[    1.446211] ima: Allocated hash algorithm: sha1
[    1.447882] evm: HMAC attrs: 0x1
[    1.449628]   Magic number: 7:337:560
[    1.451182] rtc_cmos rtc_cmos: setting system clock to 2019-10-29 01:34:40 UTC (1572312880)
[    1.454807] BIOS EDD facility v0.16 2004-Jun-25, 0 devices found
[    1.456796] EDD information not available.
[    1.513624] Freeing unused kernel image memory: 2436K
[    1.520328] Write protecting the kernel read-only data: 20480k
[    1.524062] Freeing unused kernel image memory: 2008K
[    1.526753] Freeing unused kernel image memory: 1972K
[    1.565786] x86/mm: Checked W+X mappings: passed, no W+X pages found.
[    1.567946] x86/mm: Checking user space page tables
[    1.606925] x86/mm: Checked W+X mappings: passed, no W+X pages found.
Loading, please wait...
starting version 237
[    1.770581] e1000: Intel(R) PRO/1000 Network Driver - version 7.3.21-k8-NAPI
[    1.773690] e1000: Copyright (c) 1999-2006 Intel Corporation.
[    1.798826] Fusion MPT base driver 3.04.20
[    1.800592] Copyright (c) 1999-2008 LSI Corporation
[    1.848431] AVX2 version of gcm_enc/dec engaged.
[    1.850671] AES CTR mode by8 optimization enabled
[    1.856831] Fusion MPT SPI Host driver 3.04.20
[    2.023002] input: ImExPS/2 Generic Explorer Mouse as /devices/platform/i8042/serio1/input/input4
[    2.319184] e1000 0000:00:03.0 eth0: (PCI:33MHz:32-bit) 02:50:d4:3b:43:74
[    2.321654] e1000 0000:00:03.0 eth0: Intel(R) PRO/1000 Network Connection
[    2.326546] mptbase: ioc0: Initiating bringup
[    2.874161] ioc0: LSI53C1030 A0: Capabilities={Initiator}
[    4.249437] scsi host2: ioc0: LSI53C1030 A0, FwRev=00000000h, Ports=1, MaxQ=256, IRQ=20
[    4.704083] scsi 2:0:0:0: Direct-Access     VBOX     HARDDISK         1.0  PQ: 0 ANSI: 5
[    4.756201] scsi target2:0:0: Beginning Domain Validation
[    4.768346] scsi target2:0:0: Domain Validation skipping write tests
[    4.774186] scsi target2:0:0: Ending Domain Validation
[    4.779612] scsi target2:0:0: asynchronous
[    4.783848] scsi 2:0:1:0: Direct-Access     VBOX     HARDDISK         1.0  PQ: 0 ANSI: 5
[    5.156083] scsi target2:0:1: Beginning Domain Validation
[    5.159846] random: fast init done
[    5.162955] scsi target2:0:1: Domain Validation skipping write tests
[    5.165882] scsi target2:0:1: Ending Domain Validation
[    5.167786] scsi target2:0:1: asynchronous
[    5.178602] random: systemd-udevd: uninitialized urandom read (16 bytes read)
[    5.178788] sd 2:0:0:0: Attached scsi generic sg0 type 0
[    5.182595] sd 2:0:0:0: [sda] 20971520 512-byte logical blocks: (10.7 GB/10.0 GiB)
[    5.184639] sd 2:0:1:0: Attached scsi generic sg1 type 0
[    5.187929] sd 2:0:0:0: [sda] Write Protect is off
[    5.192202] sd 2:0:1:0: [sdb] 20480 512-byte logical blocks: (10.5 MB/10.0 MiB)
[    5.194938] random: systemd-udevd: uninitialized urandom read (16 bytes read)
[    5.197952] sd 2:0:1:0: [sdb] Write Protect is off
[    5.200303] random: systemd-udevd: uninitialized urandom read (16 bytes read)
[    5.203739] sd 2:0:1:0: [sdb] Incomplete mode parameter data
[    5.206339] sd 2:0:1:0: [sdb] Assuming drive cache: write through
[    5.209122] sd 2:0:0:0: [sda] Incomplete mode parameter data
[    5.211483] sd 2:0:0:0: [sda] Assuming drive cache: write through
[    5.217785]  sda: sda1
[    5.218540] e1000 0000:00:08.0 eth1: (PCI:33MHz:32-bit) 08:00:27:56:77:46
[    5.220879] sd 2:0:1:0: [sdb] Attached SCSI disk
[    5.224844] e1000 0000:00:08.0 eth1: Intel(R) PRO/1000 Network Connection
[    5.227010] sd 2:0:0:0: [sda] Attached SCSI disk
[    5.234514] e1000 0000:00:03.0 enp0s3: renamed from eth0
[    5.249164] e1000 0000:00:08.0 enp0s8: renamed from eth1
Begin: Loading essential drivers ... [    7.588033] raid6: sse2x1   gen()  2032 MB/s
[    7.636065] raid6: sse2x1   xor()  1173 MB/s
[    7.684360] raid6: sse2x2   gen()  3710 MB/s
[    7.732770] raid6: sse2x2   xor()  1988 MB/s
[    7.780177] raid6: sse2x4   gen()  4656 MB/s
[    7.828158] raid6: sse2x4   xor()  2577 MB/s
[    7.876121] raid6: avx2x1   gen()  3583 MB/s
[    7.924555] raid6: avx2x1   xor()  1793 MB/s
[    7.972323] raid6: avx2x2   gen()  6006 MB/s
[    8.020224] raid6: avx2x2   xor()  3475 MB/s
[    8.068163] raid6: avx2x4   gen()  9959 MB/s
[    8.116018] raid6: avx2x4   xor()  7061 MB/s
[    8.117527] raid6: using algorithm avx2x4 gen() 9959 MB/s
[    8.119276] raid6: .... xor() 7061 MB/s, rmw enabled
[    8.121199] raid6: using avx2x2 recovery algorithm
[    8.125378] xor: automatically using best checksumming function   avx       
[    8.130535] async_tx: api initialized (async)
done.
Begin: Running /scripts/init-premount ... done.
Begin: Mounting root file system ... Begin: Running /scripts/local-top ... done.
Begin: Running /scripts/local-premount ... [    8.240620] Btrfs loaded, crc32c=crc32c-intel
Scanning for Btrfs filesystems
done.
Warning: fsck not present, so skipping root file system
[    8.298685] EXT4-fs (sda1): mounted filesystem with ordered data mode. Opts: (null)
done.
Begin: Running /scripts/local-bottom ... done.
Begin: Running /scripts/init-bottom ... done.
[    8.599034] ip_tables: (C) 2000-2006 Netfilter Core Team
[    8.617971] systemd[1]: systemd 237 running in system mode. (+PAM +AUDIT +SELINUX +IMA +APPARMOR +SMACK +SYSVINIT +UTMP +LIBCRYPTSETUP +GCRYPT +GNUTLS +ACL +XZ +LZ4 +SECCOMP +BLKID +ELFUTILS +KMOD -IDN2 +IDN -PCRE2 default-hierarchy=hybrid)
[    8.625082] systemd[1]: Detected virtualization oracle.
[    8.627138] systemd[1]: Detected architecture x86-64.

Welcome to [1mUbuntu 18.04.3 LTS[0m!

[    8.636505] systemd[1]: Set hostname to <ubuntu>.
[    8.648630] systemd[1]: Initializing machine ID from random generator.
[    8.651035] systemd[1]: Installed transient /etc/machine-id file.
[    9.046394] systemd[1]: Started Forward Password Requests to Wall Directory Watch.
[[0;32m  OK  [0m] Started Forward Password Requests to Wall Directory Watch.
[    9.054266] systemd[1]: Created slice User and Session Slice.
[[0;32m  OK  [0m] Created slice User and Session Slice.
[    9.070687] systemd[1]: Set up automount Arbitrary Executable File Formats File System Automount Point.
[[0;32m  OK  [0m] Set up automount Arbitrary Executab…rmats File System Automount Point.
[    9.090770] systemd[1]: Reached target User and Group Name Lookups.
[[0;32m  OK  [0m] Reached target User and Group Name Lookups.
[[0;32m  OK  [0m] Created slice System Slice.
[[0;32m  OK  [0m] Listening on Journal Socket.
         Starting Set the console keyboard layout...
         Mounting Kernel Debug File System...
[[0;32m  OK  [0m] Listening on LVM2 metadata daemon socket.
[[0;32m  OK  [0m] Listening on Journal Socket (/dev/log).
         Starting Uncomplicated firewall...
[[0;32m  OK  [0m] Listening on Network Service Netlink Socket.
         Mounting POSIX Message Queue File System...
[[0;32m  OK  [0m] Listening on udev Kernel Socket.
[[0;32m  OK  [0m] Listening on udev Control Socket.
[[0;32m  OK  [0m] Created slice system-serial\x2dgetty.slice.
         Starting udev Coldplug all Devices...
[[0;32m  OK  [0m] Listening on Syslog Socket.
         Starting Create list of required st…ce nodes for the current kernel...
[[0;32m  OK  [0m] Listening on /dev/initctl Compatibility Named Pipe.
         Starting Load Kernel Modules...
[[0;32m  OK  [0m] Listening on Journal Audit Socket.
         Starting Journal Service...
[[0;32m  OK  [0m] Listening on LVM2 poll daemon socket.
[[0;32m  OK  [0m] Reached target System Time Synchronized.
         Mounting Huge Pages File System...
         Starting Remount Root and Kernel File Systems...
[[0;32m  OK  [0m] Listening on Device-mapper event daemon FIFOs.
         Starting Monitoring of LVM2 mirrors…ng dmeventd or progress polling...
[[    9.256574] Loading iSCSI transport class v2.0-870.
[0;32m  OK  [0m] Reached target Slices.
[[0;32m  OK  [0m] Reached target Swap.
[[0;32m  OK  [0m] Mounted Kernel Debug File System.
[[0;32m  OK  [0m] Started Uncomplicated firewall.
[[0;32m  OK  [0m] Mounted POSIX Message Queue File System.
[[0;32m  OK  [0m] Started Create list of required sta…vice nodes for the current kernel.
[[0;32m  OK  [0m] Mounted Huge Pages File System.
         Starting Create Static Device Nodes in /dev...
[    9.313874] iscsi: registered transport (tcp)
[[0;32m  OK  [0m] Started LVM2 metadata daemon.
[[0;32m  OK  [0m] Started Create Static Device Nodes in /dev.
[    9.352391] EXT4-fs (sda1): re-mounted. Opts: (null)
[[0;32m  OK  [0m] Started Remount Root and Kernel File Systems.
         Starting Load/Save Random Seed...
         Starting udev Kernel Device Manager...
[[0;32m  OK  [0m] Started Load/Save Random Seed.
[[0;32m  OK  [0m] Started Monitoring of LVM2 mirrors,…sing dmeventd or progress polling.
[[0;32m  OK  [0m] Started udev Coldplug all Devices.
[    9.462476] iscsi: registered transport (iser)
[[0;32m  OK  [0m] Started Load Kernel Modules.
         Starting Apply Kernel Variables...
         Mounting Kernel Configuration File System...
         Mounting FUSE Control File System...
[[0;32m  OK  [0m] Mounted Kernel Configuration File System.
[[0;32m  OK  [0m] Mounted FUSE Control File System.
[[0;32m  OK  [0m] Started Journal Service.
[[0;32m  OK  [0m] Started udev Kernel Device Manager.
         Starting Flush Journal to Persistent Storage...
[[0;32m  OK  [0m] Started Apply Kernel Variables.
[[0;32m  OK  [0m] Started Flush Journal to Persistent Storage.
[[0;32m  OK  [0m] Started Set the console keyboard layout.
[[0;32m  OK  [0m] Reached target Local File Systems (Pre).
[[0;32m  OK  [0m] Reached target Local File Systems.
         Starting Tell Plymouth To Write Out Runtime Data...
         Starting Set console font and keymap...
         Starting Create Volatile Files and Directories...
         Starting ebtables ruleset management...
         Starting AppArmor initialization...
         Starting Commit a transient machine-id on disk...
[[0;32m  OK  [0m] Started Dispatch Password Requests to Console Directory Watch.
[[0;32m  OK  [0m] Reached target Local Encrypted Volumes.
[[0;32m  OK  [0m] Started Tell Plymouth To Write Out Runtime Data.
[[0;32m  OK  [0m] Started Set console font and keymap.
[[0;32m  OK  [0m] Started Create Volatile Files and Directories.
         Starting Update UTMP about System Boot/Shutdown...
[[0;32m  OK  [0m] Started Update UTMP about System Boot/Shutdown.
[[0;32m  OK  [0m] Started Commit a transient machine-id on disk.
[[0;32m  OK  [0m] Started ebtables ruleset management.
[[0;32m  OK  [0m] Found device /dev/ttyS0.
[[0;32m  OK  [0m] Listening on Load/Save RF Kill Switch Status /dev/rfkill Watch.
[[0;32m  OK  [0m] Started AppArmor initialization.
         Starting Initial cloud-init job (pre-networking)...
[   15.268899] cloud-init[543]: Cloud-init v. 19.2-24-ge7881d5c-0ubuntu1~18.04.1 running 'init-local' at Tue, 29 Oct 2019 01:34:53 +0000. Up 14.46 seconds.
[[0;32m  OK  [0m] Started Initial cloud-init job (pre-networking).
[[0;32m  OK  [0m] Reached target Network (Pre).
         Starting Network Service...
[[0;32m  OK  [0m] Started Network Service.
         Starting Network Name Resolution...
         Starting Wait for Network to be Configured...
[[0;32m  OK  [0m] Started Network Name Resolution.
[[0;32m  OK  [0m] Reached target Host and Network Name Lookups.
[[0;32m  OK  [0m] Reached target Network.
[[0;32m  OK  [0m] Started Wait for Network to be Configured.
         Starting Initial cloud-init job (metadata service crawler)...
[   18.018945] cloud-init[669]: Cloud-init v. 19.2-24-ge7881d5c-0ubuntu1~18.04.1 running 'init' at Tue, 29 Oct 2019 01:34:56 +0000. Up 17.61 seconds.
[   18.032414] cloud-init[669]: ci-info: ++++++++++++++++++++++++++++++++++++++Net device info+++++++++++++++++++++++++++++++++++++++
[   18.035429] cloud-init[669]: ci-info: +--------+-------+----------------------------+---------------+--------+-------------------+
[   18.038419] cloud-init[669]: ci-info: | Device |   Up  |          Address           |      Mask     | Scope  |     Hw-Address    |
[   18.040697] cloud-init[669]: ci-info: +--------+-------+----------------------------+---------------+--------+-------------------+
[   18.043278] cloud-init[669]: ci-info: | enp0s3 |  True |         10.0.2.15          | 255.255.255.0 | global | 02:50:d4:3b:43:74 |
[   18.046787] cloud-init[669]: ci-info: | enp0s3 |  True | fe80::50:d4ff:fe3b:4374/64 |       .       |  link  | 02:50:d4:3b:43:74 |
[   18.065167] cloud-init[669]: ci-info: | enp0s8 | False |             .              |       .       |   .    | 08:00:27:56:77:46 |
[   18.071622] cloud-init[669]: ci-info: |   lo   |  True |         127.0.0.1          |   255.0.0.0   |  host  |         .         |
[   18.074421] cloud-init[669]: ci-info: |   lo   |  True |          ::1/128           |       .       |  host  |         .         |
[   18.088783] cloud-init[669]: ci-info: +--------+-------+----------------------------+---------------+--------+-------------------+
[   18.091039] cloud-init[669]: ci-info: ++++++++++++++++++++++++++++Route IPv4 info+++++++++++++++++++++++++++++
[   18.105278] cloud-init[669]: ci-info: +-------+-------------+----------+-----------------+-----------+-------+
[   18.107852] cloud-init[669]: ci-info: | Route | Destination | Gateway  |     Genmask     | Interface | Flags |
[   18.110839] cloud-init[669]: ci-info: +-------+-------------+----------+-----------------+-----------+-------+
[   18.113718] cloud-init[669]: ci-info: |   0   |   0.0.0.0   | 10.0.2.2 |     0.0.0.0     |   enp0s3  |   UG  |
[   18.117237] cloud-init[669]: ci-info: |   1   |   10.0.2.0  | 0.0.0.0  |  255.255.255.0  |   enp0s3  |   U   |
[   18.119383] cloud-init[669]: ci-info: |   2   |   10.0.2.2  | 0.0.0.0  | 255.255.255.255 |   enp0s3  |   UH  |
[   18.121896] cloud-init[669]: ci-info: +-------+-------------+----------+-----------------+-----------+-------+
[   18.124194] cloud-init[669]: ci-info: +++++++++++++++++++Route IPv6 info+++++++++++++++++++
[   18.125835] cloud-init[669]: ci-info: +-------+-------------+---------+-----------+-------+
[   18.128362] cloud-init[669]: ci-info: | Route | Destination | Gateway | Interface | Flags |
[   18.130480] cloud-init[669]: ci-info: +-------+-------------+---------+-----------+-------+
[   18.133114] cloud-init[669]: ci-info: |   1   |  fe80::/64  |    ::   |   enp0s3  |   U   |
[   18.135566] cloud-init[669]: ci-info: |   3   |    local    |    ::   |   enp0s3  |   U   |
[   18.137455] cloud-init[669]: ci-info: |   4   |   ff00::/8  |    ::   |   enp0s3  |   U   |
[   18.139463] cloud-init[669]: ci-info: +-------+-------------+---------+-----------+-------+
[   19.557802] cloud-init[669]: Generating public/private rsa key pair.
[   19.559453] cloud-init[669]: Your identification has been saved in /etc/ssh/ssh_host_rsa_key.
[   19.572724] cloud-init[669]: Your public key has been saved in /etc/ssh/ssh_host_rsa_key.pub.
[   19.584705] cloud-init[669]: The key fingerprint is:
[   19.596689] cloud-init[669]: SHA256:fYbjat+DYMDDgsSyYzGl7zSJoO3yCta8XH3Vh6d/EZM root@ubuntu-bionic
[   19.599828] cloud-init[669]: The key's randomart image is:
[   19.612603] cloud-init[669]: +---[RSA 2048]----+
[   19.613698] cloud-init[669]: | ...             |
[   19.624607] cloud-init[669]: |.o+              |
[   19.636610] cloud-init[669]: |.=o. o          .|
[   19.648600] cloud-init[669]: |=o+ o =  . .. .E |
[   19.664561] cloud-init[669]: |oo.= . oS +.oo oo|
[[0;32m  OK  [0m] Started Initial cloud-init job (metadata service crawler).
[[0;32m  OK  [0m] Reached target Cloud-config availability.
[[0;32m  OK  [0m] Reached target System Initialization.
[   19.681355] cloud-init[669]: | .= . . o..+  +. |
[   19.699411] cloud-init[669]: |o..+ . o o.. .  .|
[   19.701216] cloud-init[669]: |oo. o   o.... . .|
[[0;32m  OK  [0m] Started ACPI Events Check.
[   19.715058] [[0;32m  OK  [0m] Reached target Paths.
cloud-init[669]: |...o   .... .. ..|
         Starting Socket activation for snappy daemon.
[[0;32m  OK  [0m] Started Message of the Day.
[[0;32m  OK  [0m] Started Discard unused blocks once a week.
[[0;32m  OK  [0m] Listening on Open-iSCSI iscsid Socket.
[[0;32m  OK  [0m] Started Daily Cleanup of Temporary Directories.
[[0;32m  OK  [0m] Listening on UUID daemon activation socket.
[[0;32m  OK  [0m] Started Daily apt download activities.
[[0;32m  OK  [0m] Started Daily apt upgrade and clean activities.
[[0;32m  OK  [0m] Listening on D-Bus System Message Bus Socket.
[   19.727348] cloud-init[669]: +----[SHA256]-----+
[   19.782886] cloud-init[669]: Generating public/private dsa key pair.         Starting LXD - unix socket.
[[0;32m  OK  [0m] Reached target Timers.
[[0;32m  OK  [0m] Listening on ACPID Listen Socket.
[[0;32m  OK  [0m] Reached target Network is Online.
[[0;32m  OK  [0m] Reached target Remote File Systems (Pre).
[[0;32m  OK  [0m] Reached target Remote File Systems.
         Starting Availability of block devices...
[[0;32m  OK  [0m] Listening on Socket activation for snappy daemon.

[   19.792721] cloud-init[669]: Your identification has been saved in /etc/ssh/ssh_host_dsa_key.
[   19.798228] cloud-init[669]: [[0;32m  OK  [0m] Listening on LXD - unix socket.
Your public key has been saved in /etc/ssh/ssh_host_dsa_key.pub.[[0;32m  OK  [0m] Started Availability of block devices.
[[0;32m  OK  [0m] Reached target Sockets.
[[0;32m  OK  [0m] Reached target Basic System.
         Starting Pollinate to seed the pseudo random number generator...
         Starting System Logging Service...

[   19.815808] cloud-init[669]: The key fingerprint is:
[   19.820572] cloud-init         Starting Login Service...
         Starting LSB: automatic crash report generation...
[669]: SHA256:p/CubiPTuqzeBa5P1T/ErTqk6BEJEzES4s4J4tUYbiI root@ubuntu-bionic         Starting Snappy daemon...

         Starting Virtualbox guest utils...
[[0;32m  OK  [0m] Started FUSE filesystem for LXC.
[   19.857294] cloud-init[669]: The key's randomart image is:
[   19.861783] cloud-init[669]: +---[DSA 1024]----+
[   19.863689] cloud-init[669]: |+.+o             |
[   19.871980] cloud-init[669]: |o..o+            |
[   19.873785] cloud-init[669]: |Eoo= .           |
[   19.888552] cloud-init[669]: |B =o . . . .     |
[   19.904942] cloud-init[669]: | =  + o S + .    |
[   19.907409] cloud-init[669]: |   . + o.= .     |
[   19.909348] cloud-init[669]: |    +o.oo +      |
[   19.911083] cloud-init[669]: |   =+o=... .     |
[   19.912904] cloud-init[669]: | .++BBooo.       |
[   19.919812] cloud-init[669]: +----[SHA256]-----+
[   19.922780] cloud-init[669]: Generating public/private ecdsa key pair.
[   19.929169] cloud-init[669]: Your identification has been saved in /etc/ssh/ssh_host_ecdsa_key.
[   19.937657] cloud-init[669]: Your public key has been saved in /etc/ssh/ssh_host_ecdsa_key.pub.
[   19.945103] cloud-init[669]: The key fingerprint is:
[   19.948913] cloud-init[669]: SHA256:A8XiST7kfc1qxVsEvv1nrbnOK6aNMFbdX+wKtxofkYc root@ubuntu-bionic
[   19.958757] cloud-init[669]: The key's randomart image is:
[   19.965885] cloud-init[669]: +---[ECDSA 256]---+
[   19.981413] cloud-init[669]: |       ..   ..   |
[   19.984518] cloud-init[669]: |      +..  .  .  |
[   19.986444] cloud-init[669]: |     *.+   +..   |
[   19.988459] cloud-init[669]: |      *.. ..=+.+ |
[   20.000356] cloud-init[669]: |       .S..oooE +|
[[0;32m  OK  [0m] Started Regular background program processing daemon.
[   20.020378] cloud-init[669]: |         oo .  *o|
[   20.031221] cloud-init[669]: |        +.  o o B|
[   20.033308] cloud-init[669]: |       . o oo* B.|
[   20.035646] cloud-init[669]: |          ooo+@o |
[   20.037495] cloud-init[669]: +----[SHA256]-----+
[   20.039298] cloud-init[669]: Generating public/private ed25519 key pair.
[   20.051043] cloud-init[669]: Your identification has been saved in /etc/ssh/ssh_host_ed25519_key.
[   20.058223] cloud-init[669]: Your public key has been saved in /etc/ssh/ssh_host_ed25519_key.pub.
[   20.063690] cloud-init[669]: The key fingerprint is:
[   20.067150] cloud-init[669]: SHA256:KdhhaHsuG5zpZUNREbZ4+cLK8NHOTPuiBCgKOxrVpfQ root@ubuntu-bionic
[   20.069574] cloud-init[669]: The key's randomart image is:
[   20.073276] cloud-init[669]: +--[ED25519 256]--+
[   20.075805] cloud-init[669]: |        =o       |
[   20.077797] cloud-init[669]: |     . + o       |
[   20.079333] cloud-init[669]: |    + * +        |
[   20.083046] cloud-init[669]: |   = O * o       |
[   20.084694] cloud-init[669]: |o o B E S .      |
[[0;32m  OK  [0m] Started irqbalance daemon.
[   20.098395] cloud-init[669]: |o+ . @ O o       |
[   20.110182] cloud-init[669]: |=   * X =        |         Starting LSB: Record successful boot for GRUB...

[   20.113035]          Starting LXD - container startup/shutdown...
cloud-init[669]: |.o . B ...       |
[[0;32m  OK  [0m] Started Deferred execution scheduler.
         Starting Permit User Sessions...
         Starting Accounts Service...
[   20.141953] cloud-init[669]: |.   o .. ..      |
[   20.145581] cloud-init[669]: +----[SHA256]-----+
         Starting Dispatcher daemon for systemd-networkd...
[[0;32m  OK  [0m] Started D-Bus System Message Bus.
[[0;32m  OK  [0m] Started Login Service.
[[0;32m  OK  [0m] Started Unattended Upgrades Shutdown.
[[0;32m  OK  [0m] Started System Logging Service.
[[0;32m  OK  [0m] Started Permit User Sessions.
         Starting Terminate Plymouth Boot Screen...
         Starting Hold until boot process finishes up...
[[0;32m  OK  [0m] Started Hold until boot process finishes up.
[[0;32m  OK  [0m] Started Terminate Plymouth Boot Screen.
[[0;32m  OK  [0m] Started Serial Getty on ttyS0.
         Starting Set console scheme...
[[0;32m  OK  [0m] Started Set console scheme.
[[0;32m  OK  [0m] Started LSB: Record successful boot for GRUB.
         Starting Authorization Manager...
[[0;32m  OK  [0m] Created slice system-getty.slice.
[[0;32m  OK  [0m] Started Getty on tty1.
[[0;32m  OK  [0m] Reached target Login Prompts.
[[0;32m  OK  [0m] Started LSB: automatic crash report generation.
[[0;32m  OK  [0m] Started Authorization Manager.
[[0;32m  OK  [0m] Started Accounts Service.
[[0;32m  OK  [0m] Started Virtualbox guest utils.
[[0;32m  OK  [0m] Started LXD - container startup/shutdown.
[[0;32m  OK  [0m] Started Snappy daemon.
         Starting Wait until snapd is fully seeded...
[[0;32m  OK  [0m] Started Dispatcher daemon for systemd-networkd.
[[0;32m  OK  [0m] Started Pollinate to seed the pseudo random number generator.
         Starting OpenBSD Secure Shell server...
[[0;32m  OK  [0m] Started OpenBSD Secure Shell server.
[[0;32m  OK  [0m] Created slice User Slice of vagrant.
         Starting User Manager for UID 1000...
[[0;32m  OK  [0m] Started Session 1 of user vagrant.
[[0;32m  OK  [0m] Started User Manager for UID 1000.

Ubuntu 18.04.3 LTS ubuntu-bionic ttyS0

ubuntu-bionic login: [   28.072540] cloud-init[1266]: Cloud-init v. 19.2-24-ge7881d5c-0ubuntu1~18.04.1 running 'modules:config' at Tue, 29 Oct 2019 01:35:05 +0000. Up 26.78 seconds.
ci-info: no authorized ssh keys fingerprints found for user ubuntu.
<14>Oct 29 01:35:08 ec2: 
<14>Oct 29 01:35:08 ec2: #############################################################
<14>Oct 29 01:35:08 ec2: -----BEGIN SSH HOST KEY FINGERPRINTS-----
<14>Oct 29 01:35:08 ec2: 1024 SHA256:p/CubiPTuqzeBa5P1T/ErTqk6BEJEzES4s4J4tUYbiI root@ubuntu-bionic (DSA)
<14>Oct 29 01:35:08 ec2: 256 SHA256:A8XiST7kfc1qxVsEvv1nrbnOK6aNMFbdX+wKtxofkYc root@ubuntu-bionic (ECDSA)
<14>Oct 29 01:35:08 ec2: 256 SHA256:KdhhaHsuG5zpZUNREbZ4+cLK8NHOTPuiBCgKOxrVpfQ root@ubuntu-bionic (ED25519)
<14>Oct 29 01:35:08 ec2: 2048 SHA256:fYbjat+DYMDDgsSyYzGl7zSJoO3yCta8XH3Vh6d/EZM root@ubuntu-bionic (RSA)
<14>Oct 29 01:35:08 ec2: -----END SSH HOST KEY FINGERPRINTS-----
<14>Oct 29 01:35:08 ec2: #############################################################
-----BEGIN SSH HOST KEY KEYS-----
ecdsa-sha2-nistp256 AAAAE2VjZHNhLXNoYTItbmlzdHAyNTYAAAAIbmlzdHAyNTYAAABBBDni87OrkICevLznvzjdDPmO19U1sqsrXtudOuZHE0uVgtyV0LekVGwWDTYN+VtIaYCbkPGWpN2uqlJL3NP+qAc= root@ubuntu-bionic
ssh-ed25519 AAAAC3NzaC1lZDI1NTE5AAAAIP6JOjFRdGRPMG6PPCc5rrBk5iNAE3nUQzRM4+nLWi9u root@ubuntu-bionic
ssh-rsa AAAAB3NzaC1yc2EAAAADAQABAAABAQCzZNAFDnS34lk4OoDZ+Zaf7FGlqsuLI99bfrOilwJer/uNh9n6vr8Rszu110AcqLXuisdjDUW54bmZ7a2sw+1l9wCGDKqsDn3UM7c+Wg3U6hX2uZGHGHtSHjx4kqxmUm4sQ+IFeIr7soUMvgDXJ2ybrMSKh0qWbZ3OANePMior4kfTTDObFKTfsCOAf3mZv+MaMjHiNvGlfEkMXsTdVIJ4E9FEfm6vuLcQEC3KsKWnvI2bW7kLY34F3vHH9VXMJDy4lK/RizeXRG7nC9eWOc3h7/8lIGdX0dIDJsPH8fy/7L1pWfqjhsOcEHkRben2Yyjc0YdCp5LFuuKhEHK+YH0B root@ubuntu-bionic
-----END SSH HOST KEY KEYS-----
[   29.626935] cloud-init[1422]: Cloud-init v. 19.2-24-ge7881d5c-0ubuntu1~18.04.1 running 'modules:final' at Tue, 29 Oct 2019 01:35:08 +0000. Up 29.19 seconds.
[   29.627167] cloud-init[1422]: ci-info: no authorized ssh keys fingerprints found for user ubuntu.
[   29.628813] cloud-init[1422]: Cloud-init v. 19.2-24-ge7881d5c-0ubuntu1~18.04.1 finished at Tue, 29 Oct 2019 01:35:08 +0000. Datasource DataSourceNoCloud [seed=/dev/sdb][dsmode=net].  Up 29.60 seconds
